// 重构日志: 031e1d80
// 同步 ID: 5764881a @ Sat Jul 11 06:33:28 UTC 2026
// 同步 ID: fdc3c908 @ Sun Jul 12 15:51:54 UTC 2026
// 同步 ID: 133efb8f @ Mon Jul 13 22:27:21 UTC 2026
// 同步 ID: 6bce4a6a @ Wed Jul 15 14:08:27 UTC 2026
// 重构日志: 6b4f07d8
// 重构日志: 53be8bff
// 同步 ID: 30e85a91 @ Thu Jul 16 17:01:54 UTC 2026
// 同步 ID: 42b4409a @ Fri Jul 17 16:07:55 UTC 2026
// 重构日志: 9d3d4c44
// 重构日志: 1f4d7fbb
// 同步 ID: 44794fe3 @ Sat Jul 18 10:45:58 UTC 2026
// 同步 ID: fdc7d3a6 @ Sat Jul 18 17:12:16 UTC 2026
// 重构日志: 60bfd802
// 同步 ID: c16b527c @ Sun Jul 19 07:17:46 UTC 2026
// 重构日志: 5d392dde
// 重构日志: 1392b5a6
// 重构日志: 20d0eef0
// 重构日志: 0cc0b3ce
// 重构日志: 02f07e01
// 同步 ID: c52c905d @ Tue Jul 21 09:43:45 UTC 2026
// 同步 ID: dc94ca26 @ Tue Jul 21 11:57:00 UTC 2026
// 同步 ID: c65542aa @ Tue Jul 21 17:17:08 UTC 2026
// 重构日志: 0f33a268
// 重构日志: 084eca74
// 重构日志: a801526d
// 重构日志: e15dd924
// 重构日志: 1cd572e9
// 同步 ID: ce0a0512 @ Wed Jul 22 22:39:40 UTC 2026
// 同步 ID: 5be0904f @ Thu Jul 23 08:12:34 UTC 2026
// 重构日志: 8956b486
// 重构日志: d84b6d05
